C51 COMPILER V9.59.0.0   TIMER                                                             04/15/2024 16:46:49 PAGE 1   


C51 COMPILER V9.59.0.0, COMPILATION OF MODULE TIMER
OBJECT MODULE PLACED IN .\Objects\timer.obj
COMPILER INVOKED BY: E:\Keil5\C51\BIN\C51.EXE ..\Sys\timer.c OPTIMIZE(8,SPEED) BROWSE INCDIR(..\Deriver;..\Sys;..\User) 
                    -DEBUG OBJECTEXTEND PRINT(.\Listings\timer.lst) OBJECT(.\Objects\timer.obj)

line level    source

   1          #include "timer.h"
   2          
   3          
   4          void Timer1_Init(void)          //1毫秒@12.000MHz
   5          {
   6   1              AUXR &= 0xBF;                   //定时器时钟12T模式
   7   1              TMOD &= 0x0F;                   //设置定时器模式
   8   1              TL1 = 0x18;                             //设置定时初始值
   9   1              TH1 = 0xFC;                             //设置定时初始值
  10   1              TF1 = 0;                                //清除TF1标志
  11   1              TR1 = 1;                                //定时器1开始计时
  12   1              
  13   1              ET1 = 1;                                //使能定时器1中断
  14   1      }
  15          
  16          


MODULE INFORMATION:   STATIC OVERLAYABLE
   CODE SIZE        =     19    ----
   CONSTANT SIZE    =   ----    ----
   XDATA SIZE       =   ----    ----
   PDATA SIZE       =   ----    ----
   DATA SIZE        =   ----    ----
   IDATA SIZE       =   ----    ----
   BIT SIZE         =   ----    ----
END OF MODULE INFORMATION.


C51 COMPILATION COMPLETE.  0 WARNING(S),  0 ERROR(S)
