C51 COMPILER V9.59.0.0   TIMER0_PWM                                                        04/15/2024 16:46:49 PAGE 1   


C51 COMPILER V9.59.0.0, COMPILATION OF MODULE TIMER0_PWM
OBJECT MODULE PLACED IN .\Objects\timer0_PWM.obj
COMPILER INVOKED BY: E:\Keil5\C51\BIN\C51.EXE ..\Sys\timer0_PWM.c OPTIMIZE(8,SPEED) BROWSE INCDIR(..\Deriver;..\Sys;..\U
                    -ser) DEBUG OBJECTEXTEND PRINT(.\Listings\timer0_PWM.lst) OBJECT(.\Objects\timer0_PWM.obj)

line level    source

   1          #include "timer0_PWM.h"
   2          
   3          
   4          void Timer0_Init(void)          //100微秒@12.000MHz
   5          {
   6   1              AUXR |= 0x80;                   //定时器时钟1T模式
   7   1              TMOD &= 0xF0;                   //设置定时器模式
   8   1              TL0 = 0x50;                             //设置定时初始值
   9   1              TH0 = 0xFB;                             //设置定时初始值
  10   1              TF0 = 0;                                //清除TF0标志
  11   1              TR0 = 1;                                //定时器0开始计时
  12   1              ET0 = 1;                                //使能定时器0中断
  13   1      }
  14          
  15          


MODULE INFORMATION:   STATIC OVERLAYABLE
   CODE SIZE        =     19    ----
   CONSTANT SIZE    =   ----    ----
   XDATA SIZE       =   ----    ----
   PDATA SIZE       =   ----    ----
   DATA SIZE        =   ----    ----
   IDATA SIZE       =   ----    ----
   BIT SIZE         =   ----    ----
END OF MODULE INFORMATION.


C51 COMPILATION COMPLETE.  0 WARNING(S),  0 ERROR(S)
