C51 COMPILER V9.59.0.0   TIMER0_555                                                        04/15/2024 16:46:49 PAGE 1   


C51 COMPILER V9.59.0.0, COMPILATION OF MODULE TIMER0_555
OBJECT MODULE PLACED IN .\Objects\timer0_555.obj
COMPILER INVOKED BY: E:\Keil5\C51\BIN\C51.EXE ..\Sys\timer0_555.c OPTIMIZE(8,SPEED) BROWSE INCDIR(..\Deriver;..\Sys;..\U
                    -ser) DEBUG OBJECTEXTEND PRINT(.\Listings\timer0_555.lst) OBJECT(.\Objects\timer0_555.obj)

line level    source

   1          #include "timer0_555.h"
   2          
   3          
   4          
   5          void Freq_Timer0_Init_555(void)         //100微秒@11.0592MHz
   6          {
   7   1              TMOD &= 0xF0;                   //设置定时器模式
   8   1              TMOD |= 0x05;
   9   1              TL0 = 0;                                //设置定时初始值
  10   1              TH0 = 0;                                //设置定时初始值
  11   1              TR0 = 1;                                //定时器0开始计时
  12   1      
  13   1      }


MODULE INFORMATION:   STATIC OVERLAYABLE
   CODE SIZE        =     14    ----
   CONSTANT SIZE    =   ----    ----
   XDATA SIZE       =   ----    ----
   PDATA SIZE       =   ----    ----
   DATA SIZE        =   ----    ----
   IDATA SIZE       =   ----    ----
   BIT SIZE         =   ----    ----
END OF MODULE INFORMATION.


C51 COMPILATION COMPLETE.  0 WARNING(S),  0 ERROR(S)
